#
# There is insufficient memory for the Java Runtime Environment to continue.
# Native memory allocation (malloc) failed to allocate 2866256 bytes. Error detail: Chunk::new
# Possible reasons:
#   The system is out of physical RAM or swap space
#   This process is running with CompressedOops enabled, and the Java Heap may be blocking the growth of the native heap
# Possible solutions:
#   Reduce memory load on the system
#   Increase physical memory or swap space
#   Check if swap backing store is full
#   Decrease Java heap size (-Xmx/-Xms)
#   Decrease number of Java threads
#   Decrease Java thread stack sizes (-Xss)
#   Set larger code cache with -XX:ReservedCodeCacheSize=
#   JVM is running with Unscaled Compressed Oops mode in which the Java heap is
#     placed in the first 4GB address space. The Java Heap base address is the
#     maximum limit for the native heap growth. Please use -XX:HeapBaseMinAddress
#     to set the Java Heap base and to place the Java Heap above 4GB virtual address.
# This output file may be truncated or incomplete.
#
#  Out of Memory Error (arena.cpp:162), pid=18024, tid=17492
#
# JRE version: OpenJDK Runtime Environment (24.0.1+9) (build 24.0.1+9-30)
# Java VM: OpenJDK 64-Bit Server VM (24.0.1+9-30, mixed mode, sharing, tiered, compressed oops, compressed class ptrs, g1 gc, windows-amd64)
# No core dump will be written. Minidumps are not enabled by default on client versions of Windows
#

---------------  S U M M A R Y ------------

Command Line: -javaagent:D:\Program Files\IntelliJ IDEA Community Edition 2025.1.3\lib\idea_rt.jar=53714 -Dfile.encoding=UTF-8 -Dsun.stdout.encoding=UTF-8 -Dsun.stderr.encoding=UTF-8 com.example.eliteFootballAcademy.EliteFootballAcademyApplication

Host: AMD PRO A10-8700B R6, 10 Compute Cores 4C+6G   , 4 cores, 7G,  Windows 10 , 64 bit Build 19041 (10.0.19041.5915)
Time: Wed Aug 20 20:10:06 2025 Egypt Daylight Time elapsed time: 8.584085 seconds (0d 0h 0m 8s)

---------------  T H R E A D  ---------------

Current thread (0x000001dcc590ad30):  JavaThread "C2 CompilerThread1" daemon [_thread_in_native, id=17492, stack(0x0000009f42900000,0x0000009f42a00000) (1024K)]


Current CompileTask:
C2:8584 2717   !   4       java.util.zip.InflaterInputStream::read (129 bytes)

Stack: [0x0000009f42900000,0x0000009f42a00000]
Native frames: (J=compiled Java code, j=interpreted, Vv=VM code, C=native code)
V  [jvm.dll+0x730739]  (no source info available)
V  [jvm.dll+0x8d9b23]  (no source info available)
V  [jvm.dll+0x8dc00d]  (no source info available)
V  [jvm.dll+0x8dc683]  (no source info available)
V  [jvm.dll+0x2aa086]  (no source info available)
V  [jvm.dll+0xcedef]  (no source info available)
V  [jvm.dll+0xcf04f]  (no source info available)
V  [jvm.dll+0x154d83]  (no source info available)
V  [jvm.dll+0x735f5f]  (no source info available)
V  [jvm.dll+0x26fa1c]  (no source info available)
V  [jvm.dll+0x26ea3f]  (no source info available)
V  [jvm.dll+0x1e9d60]  (no source info available)
V  [jvm.dll+0x27e1fb]  (no source info available)
V  [jvm.dll+0x27c49a]  (no source info available)
V  [jvm.dll+0x42f456]  (no source info available)
V  [jvm.dll+0x87d76b]  (no source info available)
V  [jvm.dll+0x72ee55]  (no source info available)
C  [ucrtbase.dll+0x21bb2]  (no source info available)
C  [KERNEL32.DLL+0x17374]  (no source info available)
C  [ntdll.dll+0x4cc91]  (no source info available)

Lock stack of current Java thread (top to bottom):


---------------  P R O C E S S  ---------------

Threads class SMR info:
_java_thread_list=0x000001dcc599dc50, length=15, elements={
0x000001dcccb49de0, 0x000001dceb14ab10, 0x000001dceb14c650, 0x000001dceb14f1a0,
0x000001dceb14fcd0, 0x000001dceb150800, 0x000001dceb151330, 0x000001dceb1541a0,
0x000001dceb1574d0, 0x000001dcc5183150, 0x000001dcc52d0bb0, 0x000001dcc52d12f0,
0x000001dcc5b412e0, 0x000001dcc5b457f0, 0x000001dcc590ad30
}

Java Threads: ( => current thread )
  0x000001dcccb49de0 JavaThread "main"                              [_thread_blocked, id=15796, stack(0x0000009f41000000,0x0000009f41100000) (1024K)]
  0x000001dceb14ab10 JavaThread "Reference Handler"          daemon [_thread_blocked, id=14660, stack(0x0000009f41800000,0x0000009f41900000) (1024K)]
  0x000001dceb14c650 JavaThread "Finalizer"                  daemon [_thread_blocked, id=18668, stack(0x0000009f41900000,0x0000009f41a00000) (1024K)]
  0x000001dceb14f1a0 JavaThread "Signal Dispatcher"          daemon [_thread_blocked, id=3132, stack(0x0000009f41a00000,0x0000009f41b00000) (1024K)]
  0x000001dceb14fcd0 JavaThread "Attach Listener"            daemon [_thread_blocked, id=18628, stack(0x0000009f41b00000,0x0000009f41c00000) (1024K)]
  0x000001dceb150800 JavaThread "Service Thread"             daemon [_thread_blocked, id=18760, stack(0x0000009f41c00000,0x0000009f41d00000) (1024K)]
  0x000001dceb151330 JavaThread "Monitor Deflation Thread"   daemon [_thread_blocked, id=2992, stack(0x0000009f41d00000,0x0000009f41e00000) (1024K)]
  0x000001dceb1541a0 JavaThread "C2 CompilerThread0"         daemon [_thread_in_native, id=14624, stack(0x0000009f41e00000,0x0000009f41f00000) (1024K)]
  0x000001dceb1574d0 JavaThread "C1 CompilerThread0"         daemon [_thread_blocked, id=14548, stack(0x0000009f41f00000,0x0000009f42000000) (1024K)]
  0x000001dcc5183150 JavaThread "Common-Cleaner"             daemon [_thread_blocked, id=3788, stack(0x0000009f42000000,0x0000009f42100000) (1024K)]
  0x000001dcc52d0bb0 JavaThread "Monitor Ctrl-Break"         daemon [_thread_in_native, id=17820, stack(0x0000009f42200000,0x0000009f42300000) (1024K)]
  0x000001dcc52d12f0 JavaThread "Notification Thread"        daemon [_thread_blocked, id=15384, stack(0x0000009f42300000,0x0000009f42400000) (1024K)]
  0x000001dcc5b412e0 JavaThread "Thread-0"                          [_thread_blocked, id=7344, stack(0x0000009f42100000,0x0000009f42200000) (1024K)]
  0x000001dcc5b457f0 JavaThread "restartedMain"                     [_thread_in_Java, id=14424, stack(0x0000009f42400000,0x0000009f42500000) (1024K)]
=>0x000001dcc590ad30 JavaThread "C2 CompilerThread1"         daemon [_thread_in_native, id=17492, stack(0x0000009f42900000,0x0000009f42a00000) (1024K)]
Total: 15

Other Threads:
  0x000001dceb137e00 VMThread "VM Thread"                           [id=6528, stack(0x0000009f41700000,0x0000009f41800000) (1024K)]
  0x000001dceb1293a0 WatcherThread "VM Periodic Task Thread"        [id=9532, stack(0x0000009f41600000,0x0000009f41700000) (1024K)]
  0x000001dccee02730 WorkerThread "GC Thread#0"                     [id=17112, stack(0x0000009f41100000,0x0000009f41200000) (1024K)]
  0x000001dcc5c367c0 WorkerThread "GC Thread#1"                     [id=16660, stack(0x0000009f42500000,0x0000009f42600000) (1024K)]
  0x000001dcc5c8e100 WorkerThread "GC Thread#2"                     [id=17776, stack(0x0000009f42600000,0x0000009f42700000) (1024K)]
  0x000001dcc5c8e4b0 WorkerThread "GC Thread#3"                     [id=15180, stack(0x0000009f42700000,0x0000009f42800000) (1024K)]
  0x000001dcccc0daf0 ConcurrentGCThread "G1 Main Marker"            [id=14884, stack(0x0000009f41200000,0x0000009f41300000) (1024K)]
  0x000001dcccc0e690 WorkerThread "G1 Conc#0"                       [id=11680, stack(0x0000009f41300000,0x0000009f41400000) (1024K)]
  0x000001dceaff90f0 ConcurrentGCThread "G1 Refine#0"               [id=19304, stack(0x0000009f41400000,0x0000009f41500000) (1024K)]
  0x000001dceaffa930 ConcurrentGCThread "G1 Service"                [id=2612, stack(0x0000009f41500000,0x0000009f41600000) (1024K)]
Total: 10

Threads with active compile tasks:
C2 CompilerThread0  8874 2651       4       java.lang.invoke.MethodType::methodType (69 bytes)
C2 CompilerThread1  8874 2717   !   4       java.util.zip.InflaterInputStream::read (129 bytes)
Total: 2

VM state: not at safepoint (normal execution)

VM Mutex/Monitor currently owned by a thread: None

Heap address: 0x0000000089400000, size: 1900 MB, Compressed Oops mode: 32-bit

CDS archive(s) mapped at: [0x000001dc80000000-0x000001dc80d40000-0x000001dc80d40000), size 13893632, SharedBaseAddress: 0x000001dc80000000, ArchiveRelocationMode: 1.
Compressed class space mapped at: 0x000001dc81000000-0x000001dcc1000000, reserved size: 1073741824
UseCompressedClassPointers 1, UseCompactObjectHeaders 0
Narrow klass pointer bits 32, Max shift 3
Narrow klass base: 0x000001dc80000000, Narrow klass shift: 0
Encoding Range: [0x000001dc80000000 - 0x000001dd80000000), (4294967296 bytes)
Klass Range:    [0x000001dc80000000 - 0x000001dcc1000000), (1090519040 bytes)
Klass ID Range:  [8 - 1090519033) (1090519025)

GC Precious Log:
 CardTable entry size: 512
 Card Set container configuration: InlinePtr #cards 5 size 8 Array Of Cards #cards 10 size 36 Howl #buckets 4 coarsen threshold 1843 Howl Bitmap #cards 512 size 80 coarsen threshold 460 Card regions per heap region 1 cards per card region 2048
 CPUs: 4 total, 4 available
 Memory: 7594M
 Large Page Support: Disabled
 NUMA Support: Disabled
 Compressed Oops: Enabled (32-bit)
 Heap Region Size: 1M
 Heap Min Capacity: 8M
 Heap Initial Capacity: 120M
 Heap Max Capacity: 1900M
 Pre-touch: Disabled
 Parallel Workers: 4
 Concurrent Workers: 1
 Concurrent Refinement Workers: 4
 Periodic GC: Disabled

Heap:
 garbage-first heap   total reserved 1945600K, committed 124928K, used 15002K [0x0000000089400000, 0x0000000100000000)
  region size 1024K, 7 young (7168K), 5 survivors (5120K)
 Metaspace       used 19856K, committed 20224K, reserved 1114112K
  class space    used 1950K, committed 2112K, reserved 1048576K

Heap Regions: E=young(eden), S=young(survivor), O=old, HS=humongous(starts), HC=humongous(continues), CS=collection set, F=free, TAMS=top-at-mark-start, PB=parsable bottom
|   0|0x0000000089400000, 0x0000000089500000, 0x0000000089500000|100%|HS|  |TAMS 0x0000000089400000| PB 0x0000000089400000| Complete |  0
|   1|0x0000000089500000, 0x0000000089600000, 0x0000000089600000|100%|HS|  |TAMS 0x0000000089500000| PB 0x0000000089500000| Complete |  0
|   2|0x0000000089600000, 0x0000000089700000, 0x0000000089700000|100%| O|  |TAMS 0x0000000089600000| PB 0x0000000089600000| Untracked |  0
|   3|0x0000000089700000, 0x0000000089800000, 0x0000000089800000|100%| O|  |TAMS 0x0000000089700000| PB 0x0000000089700000| Untracked |  0
|   4|0x0000000089800000, 0x0000000089900000, 0x0000000089900000|100%| O|  |TAMS 0x0000000089800000| PB 0x0000000089800000| Untracked |  0
|   5|0x0000000089900000, 0x0000000089a00000, 0x0000000089a00000|100%| O|  |TAMS 0x0000000089900000| PB 0x0000000089900000| Untracked |  0
|   6|0x0000000089a00000, 0x0000000089b00000, 0x0000000089b00000|100%| O|  |TAMS 0x0000000089a00000| PB 0x0000000089a00000| Untracked |  0
|   7|0x0000000089b00000, 0x0000000089b8a7b0, 0x0000000089c00000| 54%| O|  |TAMS 0x0000000089b00000| PB 0x0000000089b00000| Untracked |  0
|   8|0x0000000089c00000, 0x0000000089c00000, 0x0000000089d00000|  0%| F|  |TAMS 0x0000000089c00000| PB 0x0000000089c00000| Untracked |  0
|   9|0x0000000089d00000, 0x0000000089d00000, 0x0000000089e00000|  0%| F|  |TAMS 0x0000000089d00000| PB 0x0000000089d00000| Untracked |  0
|  10|0x0000000089e00000, 0x0000000089e00000, 0x0000000089f00000|  0%| F|  |TAMS 0x0000000089e00000| PB 0x0000000089e00000| Untracked |  0
|  11|0x0000000089f00000, 0x0000000089f00000, 0x000000008a000000|  0%| F|  |TAMS 0x0000000089f00000| PB 0x0000000089f00000| Untracked |  0
|  12|0x000000008a000000, 0x000000008a000000, 0x000000008a100000|  0%| F|  |TAMS 0x000000008a000000| PB 0x000000008a000000| Untracked |  0
|  13|0x000000008a100000, 0x000000008a100000, 0x000000008a200000|  0%| F|  |TAMS 0x000000008a100000| PB 0x000000008a100000| Untracked |  0
|  14|0x000000008a200000, 0x000000008a200000, 0x000000008a300000|  0%| F|  |TAMS 0x000000008a200000| PB 0x000000008a200000| Untracked |  0
|  15|0x000000008a300000, 0x000000008a300000, 0x000000008a400000|  0%| F|  |TAMS 0x000000008a300000| PB 0x000000008a300000| Untracked |  0
|  16|0x000000008a400000, 0x000000008a400000, 0x000000008a500000|  0%| F|  |TAMS 0x000000008a400000| PB 0x000000008a400000| Untracked |  0
|  17|0x000000008a500000, 0x000000008a500000, 0x000000008a600000|  0%| F|  |TAMS 0x000000008a500000| PB 0x000000008a500000| Untracked |  0
|  18|0x000000008a600000, 0x000000008a600000, 0x000000008a700000|  0%| F|  |TAMS 0x000000008a600000| PB 0x000000008a600000| Untracked |  0
|  19|0x000000008a700000, 0x000000008a700000, 0x000000008a800000|  0%| F|  |TAMS 0x000000008a700000| PB 0x000000008a700000| Untracked |  0
|  20|0x000000008a800000, 0x000000008a800000, 0x000000008a900000|  0%| F|  |TAMS 0x000000008a800000| PB 0x000000008a800000| Untracked |  0
|  21|0x000000008a900000, 0x000000008a900000, 0x000000008aa00000|  0%| F|  |TAMS 0x000000008a900000| PB 0x000000008a900000| Untracked |  0
|  22|0x000000008aa00000, 0x000000008aa00000, 0x000000008ab00000|  0%| F|  |TAMS 0x000000008aa00000| PB 0x000000008aa00000| Untracked |  0
|  23|0x000000008ab00000, 0x000000008ab00000, 0x000000008ac00000|  0%| F|  |TAMS 0x000000008ab00000| PB 0x000000008ab00000| Untracked |  0
|  24|0x000000008ac00000, 0x000000008ac00000, 0x000000008ad00000|  0%| F|  |TAMS 0x000000008ac00000| PB 0x000000008ac00000| Untracked |  0
|  25|0x000000008ad00000, 0x000000008ad00000, 0x000000008ae00000|  0%| F|  |TAMS 0x000000008ad00000| PB 0x000000008ad00000| Untracked |  0
|  26|0x000000008ae00000, 0x000000008ae00000, 0x000000008af00000|  0%| F|  |TAMS 0x000000008ae00000| PB 0x000000008ae00000| Untracked |  0
|  27|0x000000008af00000, 0x000000008af00000, 0x000000008b000000|  0%| F|  |TAMS 0x000000008af00000| PB 0x000000008af00000| Untracked |  0
|  28|0x000000008b000000, 0x000000008b000000, 0x000000008b100000|  0%| F|  |TAMS 0x000000008b000000| PB 0x000000008b000000| Untracked |  0
|  29|0x000000008b100000, 0x000000008b100000, 0x000000008b200000|  0%| F|  |TAMS 0x000000008b100000| PB 0x000000008b100000| Untracked |  0
|  30|0x000000008b200000, 0x000000008b200000, 0x000000008b300000|  0%| F|  |TAMS 0x000000008b200000| PB 0x000000008b200000| Untracked |  0
|  31|0x000000008b300000, 0x000000008b300000, 0x000000008b400000|  0%| F|  |TAMS 0x000000008b300000| PB 0x000000008b300000| Untracked |  0
|  32|0x000000008b400000, 0x000000008b400000, 0x000000008b500000|  0%| F|  |TAMS 0x000000008b400000| PB 0x000000008b400000| Untracked |  0
|  33|0x000000008b500000, 0x000000008b500000, 0x000000008b600000|  0%| F|  |TAMS 0x000000008b500000| PB 0x000000008b500000| Untracked |  0
|  34|0x000000008b600000, 0x000000008b600000, 0x000000008b700000|  0%| F|  |TAMS 0x000000008b600000| PB 0x000000008b600000| Untracked |  0
|  35|0x000000008b700000, 0x000000008b700000, 0x000000008b800000|  0%| F|  |TAMS 0x000000008b700000| PB 0x000000008b700000| Untracked |  0
|  36|0x000000008b800000, 0x000000008b800000, 0x000000008b900000|  0%| F|  |TAMS 0x000000008b800000| PB 0x000000008b800000| Untracked |  0
|  37|0x000000008b900000, 0x000000008b900000, 0x000000008ba00000|  0%| F|  |TAMS 0x000000008b900000| PB 0x000000008b900000| Untracked |  0
|  38|0x000000008ba00000, 0x000000008ba00000, 0x000000008bb00000|  0%| F|  |TAMS 0x000000008ba00000| PB 0x000000008ba00000| Untracked |  0
|  39|0x000000008bb00000, 0x000000008bb00000, 0x000000008bc00000|  0%| F|  |TAMS 0x000000008bb00000| PB 0x000000008bb00000| Untracked |  0
|  40|0x000000008bc00000, 0x000000008bc00000, 0x000000008bd00000|  0%| F|  |TAMS 0x000000008bc00000| PB 0x000000008bc00000| Untracked |  0
|  41|0x000000008bd00000, 0x000000008bd00000, 0x000000008be00000|  0%| F|  |TAMS 0x000000008bd00000| PB 0x000000008bd00000| Untracked |  0
|  42|0x000000008be00000, 0x000000008be00000, 0x000000008bf00000|  0%| F|  |TAMS 0x000000008be00000| PB 0x000000008be00000| Untracked |  0
|  43|0x000000008bf00000, 0x000000008bf00000, 0x000000008c000000|  0%| F|  |TAMS 0x000000008bf00000| PB 0x000000008bf00000| Untracked |  0
|  44|0x000000008c000000, 0x000000008c000000, 0x000000008c100000|  0%| F|  |TAMS 0x000000008c000000| PB 0x000000008c000000| Untracked |  0
|  45|0x000000008c100000, 0x000000008c100000, 0x000000008c200000|  0%| F|  |TAMS 0x000000008c100000| PB 0x000000008c100000| Untracked |  0
|  46|0x000000008c200000, 0x000000008c200000, 0x000000008c300000|  0%| F|  |TAMS 0x000000008c200000| PB 0x000000008c200000| Untracked |  0
|  47|0x000000008c300000, 0x000000008c300000, 0x000000008c400000|  0%| F|  |TAMS 0x000000008c300000| PB 0x000000008c300000| Untracked |  0
|  48|0x000000008c400000, 0x000000008c400000, 0x000000008c500000|  0%| F|  |TAMS 0x000000008c400000| PB 0x000000008c400000| Untracked |  0
|  49|0x000000008c500000, 0x000000008c500000, 0x000000008c600000|  0%| F|  |TAMS 0x000000008c500000| PB 0x000000008c500000| Untracked |  0
|  50|0x000000008c600000, 0x000000008c600000, 0x000000008c700000|  0%| F|  |TAMS 0x000000008c600000| PB 0x000000008c600000| Untracked |  0
|  51|0x000000008c700000, 0x000000008c700000, 0x000000008c800000|  0%| F|  |TAMS 0x000000008c700000| PB 0x000000008c700000| Untracked |  0
|  52|0x000000008c800000, 0x000000008c800000, 0x000000008c900000|  0%| F|  |TAMS 0x000000008c800000| PB 0x000000008c800000| Untracked |  0
|  53|0x000000008c900000, 0x000000008c900000, 0x000000008ca00000|  0%| F|  |TAMS 0x000000008c900000| PB 0x000000008c900000| Untracked |  0
|  54|0x000000008ca00000, 0x000000008ca00000, 0x000000008cb00000|  0%| F|  |TAMS 0x000000008ca00000| PB 0x000000008ca00000| Untracked |  0
|  55|0x000000008cb00000, 0x000000008cb00000, 0x000000008cc00000|  0%| F|  |TAMS 0x000000008cb00000| PB 0x000000008cb00000| Untracked |  0
|  56|0x000000008cc00000, 0x000000008cc00000, 0x000000008cd00000|  0%| F|  |TAMS 0x000000008cc00000| PB 0x000000008cc00000| Untracked |  0
|  57|0x000000008cd00000, 0x000000008cd00000, 0x000000008ce00000|  0%| F|  |TAMS 0x000000008cd00000| PB 0x000000008cd00000| Untracked |  0
|  58|0x000000008ce00000, 0x000000008ce00000, 0x000000008cf00000|  0%| F|  |TAMS 0x000000008ce00000| PB 0x000000008ce00000| Untracked |  0
|  59|0x000000008cf00000, 0x000000008cf00000, 0x000000008d000000|  0%| F|  |TAMS 0x000000008cf00000| PB 0x000000008cf00000| Untracked |  0
|  60|0x000000008d000000, 0x000000008d000000, 0x000000008d100000|  0%| F|  |TAMS 0x000000008d000000| PB 0x000000008d000000| Untracked |  0
|  61|0x000000008d100000, 0x000000008d100000, 0x000000008d200000|  0%| F|  |TAMS 0x000000008d100000| PB 0x000000008d100000| Untracked |  0
|  62|0x000000008d200000, 0x000000008d200000, 0x000000008d300000|  0%| F|  |TAMS 0x000000008d200000| PB 0x000000008d200000| Untracked |  0
|  63|0x000000008d300000, 0x000000008d400000, 0x000000008d400000|100%| S|CS|TAMS 0x000000008d300000| PB 0x000000008d300000| Complete |  0
|  64|0x000000008d400000, 0x000000008d500000, 0x000000008d500000|100%| S|CS|TAMS 0x000000008d400000| PB 0x000000008d400000| Complete |  0
|  65|0x000000008d500000, 0x000000008d600000, 0x000000008d600000|100%| S|CS|TAMS 0x000000008d500000| PB 0x000000008d500000| Complete |  0
|  66|0x000000008d600000, 0x000000008d700000, 0x000000008d700000|100%| S|CS|TAMS 0x000000008d600000| PB 0x000000008d600000| Complete |  0
|  67|0x000000008d700000, 0x000000008d800000, 0x000000008d800000|100%| S|CS|TAMS 0x000000008d700000| PB 0x000000008d700000| Complete |  0
|  68|0x000000008d800000, 0x000000008d800000, 0x000000008d900000|  0%| F|  |TAMS 0x000000008d800000| PB 0x000000008d800000| Untracked |  0
|  69|0x000000008d900000, 0x000000008d900000, 0x000000008da00000|  0%| F|  |TAMS 0x000000008d900000| PB 0x000000008d900000| Untracked |  0
|  70|0x000000008da00000, 0x000000008da00000, 0x000000008db00000|  0%| F|  |TAMS 0x000000008da00000| PB 0x000000008da00000| Untracked |  0
|  71|0x000000008db00000, 0x000000008db00000, 0x000000008dc00000|  0%| F|  |TAMS 0x000000008db00000| PB 0x000000008db00000| Untracked |  0
|  72|0x000000008dc00000, 0x000000008dc00000, 0x000000008dd00000|  0%| F|  |TAMS 0x000000008dc00000| PB 0x000000008dc00000| Untracked |  0
|  73|0x000000008dd00000, 0x000000008dd00000, 0x000000008de00000|  0%| F|  |TAMS 0x000000008dd00000| PB 0x000000008dd00000| Untracked |  0
|  74|0x000000008de00000, 0x000000008de00000, 0x000000008df00000|  0%| F|  |TAMS 0x000000008de00000| PB 0x000000008de00000| Untracked |  0
|  75|0x000000008df00000, 0x000000008df00000, 0x000000008e000000|  0%| F|  |TAMS 0x000000008df00000| PB 0x000000008df00000| Untracked |  0
|  76|0x000000008e000000, 0x000000008e000000, 0x000000008e100000|  0%| F|  |TAMS 0x000000008e000000| PB 0x000000008e000000| Untracked |  0
|  77|0x000000008e100000, 0x000000008e100000, 0x000000008e200000|  0%| F|  |TAMS 0x000000008e100000| PB 0x000000008e100000| Untracked |  0
|  78|0x000000008e200000, 0x000000008e200000, 0x000000008e300000|  0%| F|  |TAMS 0x000000008e200000| PB 0x000000008e200000| Untracked |  0
|  79|0x000000008e300000, 0x000000008e300000, 0x000000008e400000|  0%| F|  |TAMS 0x000000008e300000| PB 0x000000008e300000| Untracked |  0
|  80|0x000000008e400000, 0x000000008e400000, 0x000000008e500000|  0%| F|  |TAMS 0x000000008e400000| PB 0x000000008e400000| Untracked |  0
|  81|0x000000008e500000, 0x000000008e500000, 0x000000008e600000|  0%| F|  |TAMS 0x000000008e500000| PB 0x000000008e500000| Untracked |  0
|  82|0x000000008e600000, 0x000000008e600000, 0x000000008e700000|  0%| F|  |TAMS 0x000000008e600000| PB 0x000000008e600000| Untracked |  0
|  83|0x000000008e700000, 0x000000008e700000, 0x000000008e800000|  0%| F|  |TAMS 0x000000008e700000| PB 0x000000008e700000| Untracked |  0
|  84|0x000000008e800000, 0x000000008e800000, 0x000000008e900000|  0%| F|  |TAMS 0x000000008e800000| PB 0x000000008e800000| Untracked |  0
|  85|0x000000008e900000, 0x000000008e900000, 0x000000008ea00000|  0%| F|  |TAMS 0x000000008e900000| PB 0x000000008e900000| Untracked |  0
|  86|0x000000008ea00000, 0x000000008ea00000, 0x000000008eb00000|  0%| F|  |TAMS 0x000000008ea00000| PB 0x000000008ea00000| Untracked |  0
|  87|0x000000008eb00000, 0x000000008eb00000, 0x000000008ec00000|  0%| F|  |TAMS 0x000000008eb00000| PB 0x000000008eb00000| Untracked |  0
|  88|0x000000008ec00000, 0x000000008ec00000, 0x000000008ed00000|  0%| F|  |TAMS 0x000000008ec00000| PB 0x000000008ec00000| Untracked |  0
|  89|0x000000008ed00000, 0x000000008ed00000, 0x000000008ee00000|  0%| F|  |TAMS 0x000000008ed00000| PB 0x000000008ed00000| Untracked |  0
|  90|0x000000008ee00000, 0x000000008ee00000, 0x000000008ef00000|  0%| F|  |TAMS 0x000000008ee00000| PB 0x000000008ee00000| Untracked |  0
|  91|0x000000008ef00000, 0x000000008ef00000, 0x000000008f000000|  0%| F|  |TAMS 0x000000008ef00000| PB 0x000000008ef00000| Untracked |  0
|  92|0x000000008f000000, 0x000000008f000000, 0x000000008f100000|  0%| F|  |TAMS 0x000000008f000000| PB 0x000000008f000000| Untracked |  0
|  93|0x000000008f100000, 0x000000008f100000, 0x000000008f200000|  0%| F|  |TAMS 0x000000008f100000| PB 0x000000008f100000| Untracked |  0
|  94|0x000000008f200000, 0x000000008f200000, 0x000000008f300000|  0%| F|  |TAMS 0x000000008f200000| PB 0x000000008f200000| Untracked |  0
|  95|0x000000008f300000, 0x000000008f300000, 0x000000008f400000|  0%| F|  |TAMS 0x000000008f300000| PB 0x000000008f300000| Untracked |  0
|  96|0x000000008f400000, 0x000000008f400000, 0x000000008f500000|  0%| F|  |TAMS 0x000000008f400000| PB 0x000000008f400000| Untracked |  0
|  97|0x000000008f500000, 0x000000008f500000, 0x000000008f600000|  0%| F|  |TAMS 0x000000008f500000| PB 0x000000008f500000| Untracked |  0
|  98|0x000000008f600000, 0x000000008f600000, 0x000000008f700000|  0%| F|  |TAMS 0x000000008f600000| PB 0x000000008f600000| Untracked |  0
|  99|0x000000008f700000, 0x000000008f700000, 0x000000008f800000|  0%| F|  |TAMS 0x000000008f700000| PB 0x000000008f700000| Untracked |  0
| 100|0x000000008f800000, 0x000000008f800000, 0x000000008f900000|  0%| F|  |TAMS 0x000000008f800000| PB 0x000000008f800000| Untracked |  0
| 101|0x000000008f900000, 0x000000008f900000, 0x000000008fa00000|  0%| F|  |TAMS 0x000000008f900000| PB 0x000000008f900000| Untracked |  0
| 102|0x000000008fa00000, 0x000000008fa00000, 0x000000008fb00000|  0%| F|  |TAMS 0x000000008fa00000| PB 0x000000008fa00000| Untracked |  0
| 103|0x000000008fb00000, 0x000000008fb00000, 0x000000008fc00000|  0%| F|  |TAMS 0x000000008fb00000| PB 0x000000008fb00000| Untracked |  0
| 104|0x000000008fc00000, 0x000000008fc00000, 0x000000008fd00000|  0%| F|  |TAMS 0x000000008fc00000| PB 0x000000008fc00000| Untracked |  0
| 105|0x000000008fd00000, 0x000000008fd00000, 0x000000008fe00000|  0%| F|  |TAMS 0x000000008fd00000| PB 0x000000008fd00000| Untracked |  0
| 106|0x000000008fe00000, 0x000000008fe00000, 0x000000008ff00000|  0%| F|  |TAMS 0x000000008fe00000| PB 0x000000008fe00000| Untracked |  0
| 107|0x000000008ff00000, 0x000000008ff00000, 0x0000000090000000|  0%| F|  |TAMS 0x000000008ff00000| PB 0x000000008ff00000| Untracked |  0
| 108|0x0000000090000000, 0x0000000090000000, 0x0000000090100000|  0%| F|  |TAMS 0x0000000090000000| PB 0x0000000090000000| Untracked |  0
| 109|0x0000000090100000, 0x0000000090100000, 0x0000000090200000|  0%| F|  |TAMS 0x0000000090100000| PB 0x0000000090100000| Untracked |  0
| 110|0x0000000090200000, 0x0000000090200000, 0x0000000090300000|  0%| F|  |TAMS 0x0000000090200000| PB 0x0000000090200000| Untracked |  0
| 111|0x0000000090300000, 0x0000000090300000, 0x0000000090400000|  0%| F|  |TAMS 0x0000000090300000| PB 0x0000000090300000| Untracked |  0
| 112|0x0000000090400000, 0x0000000090400000, 0x0000000090500000|  0%| F|  |TAMS 0x0000000090400000| PB 0x0000000090400000| Untracked |  0
| 113|0x0000000090500000, 0x0000000090500000, 0x0000000090600000|  0%| F|  |TAMS 0x0000000090500000| PB 0x0000000090500000| Untracked |  0
| 114|0x0000000090600000, 0x0000000090600000, 0x0000000090700000|  0%| F|  |TAMS 0x0000000090600000| PB 0x0000000090600000| Untracked |  0
| 115|0x0000000090700000, 0x0000000090700000, 0x0000000090800000|  0%| F|  |TAMS 0x0000000090700000| PB 0x0000000090700000| Untracked |  0
| 116|0x0000000090800000, 0x0000000090800000, 0x0000000090900000|  0%| F|  |TAMS 0x0000000090800000| PB 0x0000000090800000| Untracked |  0
| 117|0x0000000090900000, 0x0000000090900000, 0x0000000090a00000|  0%| F|  |TAMS 0x0000000090900000| PB 0x0000000090900000| Untracked |  0
| 118|0x0000000090a00000, 0x0000000090a84010, 0x0000000090b00000| 51%| E|  |TAMS 0x0000000090a00000| PB 0x0000000090a00000| Complete |  0
| 119|0x0000000090b00000, 0x0000000090c00000, 0x0000000090c00000|100%| E|CS|TAMS 0x0000000090b00000| PB 0x0000000090b00000| Complete |  0
|1898|0x00000000ffe00000, 0x00000000fff00000, 0x00000000fff00000|100%| O|  |TAMS 0x00000000ffe00000| PB 0x00000000ffe00000| Untracked |  0
|1899|0x00000000fff00000, 0x00000000fff1c288, 0x0000000100000000| 10%| O|  |TAMS 0x00000000fff00000| PB 0x00000000fff00000| Untracked |  0

Card table byte_map: [0x000001dce6a10000,0x000001dce6dd0000] _byte_map_base: 0x000001dce65c6000

Marking Bits: (CMBitMap*) 0x000001dccee02d50
 Bits: [0x000001dce6dd0000, 0x000001dce8b80000)

Polling page: 0x000001dcccc90000

Metaspace:

Usage:
  Non-class:     17.49 MB used.
      Class:      1.91 MB used.
       Both:     19.39 MB used.

Virtual space:
  Non-class space:       64.00 MB reserved,      17.69 MB ( 28%) committed,  1 nodes.
      Class space:        1.00 GB reserved,       2.06 MB ( <1%) committed,  1 nodes.
             Both:        1.06 GB reserved,      19.75 MB (  2%) committed. 

Chunk freelists:
   Non-Class:  13.80 MB
       Class:  13.91 MB
        Both:  27.70 MB

MaxMetaspaceSize: unlimited
CompressedClassSpaceSize: 1.00 GB
Initial GC threshold: 21.00 MB
Current GC threshold: 21.00 MB
CDS: on
 - commit_granule_bytes: 65536.
 - commit_granule_words: 8192.
 - virtual_space_node_default_size: 8388608.
 - enlarge_chunks_in_place: 1.
UseCompressedClassPointers 1, UseCompactObjectHeaders 0
Narrow klass pointer bits 32, Max shift 3
Narrow klass base: 0x000001dc80000000, Narrow klass shift: 0
Encoding Range: [0x000001dc80000000 - 0x000001dd80000000), (4294967296 bytes)
Klass Range:    [0x000001dc80000000 - 0x000001dcc1000000), (1090519040 bytes)
Klass ID Range:  [8 - 1090519033) (1090519025)


Internal statistics:

num_allocs_failed_limit: 0.
num_arena_births: 238.
num_arena_deaths: 0.
num_vsnodes_births: 2.
num_vsnodes_deaths: 0.
num_space_committed: 316.
num_space_uncommitted: 0.
num_chunks_returned_to_freelist: 0.
num_chunks_taken_from_freelist: 837.
num_chunk_merges: 0.
num_chunk_splits: 568.
num_chunks_enlarged: 452.
num_inconsistent_stats: 0.

CodeHeap 'non-profiled nmethods': size=120064Kb used=837Kb max_used=837Kb free=119226Kb
 bounds [0x000001dcdf110000, 0x000001dcdf380000, 0x000001dce6650000]
CodeHeap 'profiled nmethods': size=120000Kb used=4598Kb max_used=4598Kb free=115401Kb
 bounds [0x000001dcd7650000, 0x000001dcd7ad0000, 0x000001dcdeb80000]
CodeHeap 'non-nmethods': size=5696Kb used=1368Kb max_used=1414Kb free=4327Kb
 bounds [0x000001dcdeb80000, 0x000001dcdedf0000, 0x000001dcdf110000]
CodeCache: size=245760Kb, used=6803Kb, max_used=6849Kb, free=238954Kb
 total_blobs=3303, nmethods=2773, adapters=435, full_count=0
Compilation: enabled, stopped_count=0, restarted_count=0

Compilation events (20 events):
Event: 8.381 Thread 0x000001dceb1574d0 nmethod 2707 0x000001dcd7ab1208 code [0x000001dcd7ab1340, 0x000001dcd7ab1540]
Event: 8.381 Thread 0x000001dceb1574d0 2708       3       java.lang.ReflectiveOperationException::<init> (7 bytes)
Event: 8.382 Thread 0x000001dceb1574d0 nmethod 2708 0x000001dcd7ab1588 code [0x000001dcd7ab16a0, 0x000001dcd7ab1830]
Event: 8.382 Thread 0x000001dceb1574d0 2709       3       java.util.Properties::getProperty (50 bytes)
Event: 8.383 Thread 0x000001dceb1574d0 nmethod 2709 0x000001dcd7ab1888 code [0x000001dcd7ab19e0, 0x000001dcd7ab1e78]
Event: 8.387 Thread 0x000001dcc590ad30 2710       4       java.io.WinNTFileSystem::normalize (148 bytes)
Event: 8.400 Thread 0x000001dcc590ad30 nmethod 2710 0x000001dcdf1e0808 code [0x000001dcdf1e0960, 0x000001dcdf1e0c78]
Event: 8.401 Thread 0x000001dceb1574d0 2711       3       java.lang.invoke.LambdaForm$MH/0x000001dc81038000::invoke (28 bytes)
Event: 8.401 Thread 0x000001dceb1574d0 nmethod 2711 0x000001dcd7ab1f08 code [0x000001dcd7ab2040, 0x000001dcd7ab25c8]
Event: 8.401 Thread 0x000001dceb1574d0 2715       3       org.springframework.util.StringUtils::delimitedListToStringArray (164 bytes)
Event: 8.405 Thread 0x000001dceb1574d0 nmethod 2715 0x000001dcd7ab2608 code [0x000001dcd7ab2960, 0x000001dcd7ab4dd0]
Event: 8.405 Thread 0x000001dceb1574d0 2712       3       java.lang.invoke.DirectMethodHandle$Holder::invokeSpecial (18 bytes)
Event: 8.406 Thread 0x000001dceb1574d0 nmethod 2712 0x000001dcd7ab4e88 code [0x000001dcd7ab4fc0, 0x000001dcd7ab54f8]
Event: 8.406 Thread 0x000001dceb1574d0 2713       3       java.lang.String$$StringConcat/0x000001dc81031c00::concat (89 bytes)
Event: 8.409 Thread 0x000001dceb1574d0 nmethod 2713 0x000001dcd7ab5588 code [0x000001dcd7ab5860, 0x000001dcd7ab7378]
Event: 8.409 Thread 0x000001dceb1574d0 2714       3       org.springframework.util.StringUtils::delimitedListToStringArray (7 bytes)
Event: 8.409 Thread 0x000001dceb1574d0 nmethod 2714 0x000001dcd7ab7408 code [0x000001dcd7ab7520, 0x000001dcd7ab7640]
Event: 8.441 Thread 0x000001dceb1574d0 2716       3       java.util.Arrays$ArrayList::iterator (12 bytes)
Event: 8.442 Thread 0x000001dceb1574d0 nmethod 2716 0x000001dcd7ab7708 code [0x000001dcd7ab7820, 0x000001dcd7ab7aa0]
Event: 8.471 Thread 0x000001dcc590ad30 2717   !   4       java.util.zip.InflaterInputStream::read (129 bytes)

GC Heap History (2 events):
Event: 4.553 GC heap before
{Heap before GC invocations=0 (full 0):
 garbage-first heap   total reserved 1945600K, committed 124928K, used 31856K [0x0000000089400000, 0x0000000100000000)
  region size 1024K, 28 young (28672K), 0 survivors (0K)
 Metaspace       used 7132K, committed 7296K, reserved 1114112K
  class space    used 687K, committed 768K, reserved 1048576K
}
Event: 4.566 GC heap after
{Heap after GC invocations=1 (full 0):
 garbage-first heap   total reserved 1945600K, committed 124928K, used 9026K [0x0000000089400000, 0x0000000100000000)
  region size 1024K, 4 young (4096K), 4 survivors (4096K)
 Metaspace       used 7132K, committed 7296K, reserved 1114112K
  class space    used 687K, committed 768K, reserved 1048576K
}

Dll operation events (12 events):
Event: 0.036 Loaded shared library C:\Users\magou\.jdks\openjdk-24.0.1\bin\java.dll
Event: 0.243 Loaded shared library C:\Users\magou\.jdks\openjdk-24.0.1\bin\jsvml.dll
Event: 1.303 Loaded shared library C:\Users\magou\.jdks\openjdk-24.0.1\bin\zip.dll
Event: 1.318 Loaded shared library C:\Users\magou\.jdks\openjdk-24.0.1\bin\instrument.dll
Event: 1.335 Loaded shared library C:\Users\magou\.jdks\openjdk-24.0.1\bin\net.dll
Event: 1.347 Loaded shared library C:\Users\magou\.jdks\openjdk-24.0.1\bin\nio.dll
Event: 1.363 Loaded shared library C:\Users\magou\.jdks\openjdk-24.0.1\bin\zip.dll
Event: 1.804 Loaded shared library C:\Users\magou\.jdks\openjdk-24.0.1\bin\extnet.dll
Event: 1.948 Loaded shared library C:\Users\magou\.jdks\openjdk-24.0.1\bin\jimage.dll
Event: 3.377 Loaded shared library C:\Users\magou\.jdks\openjdk-24.0.1\bin\management.dll
Event: 3.384 Loaded shared library C:\Users\magou\.jdks\openjdk-24.0.1\bin\management_ext.dll
Event: 7.993 Loaded shared library C:\Users\magou\.jdks\openjdk-24.0.1\bin\sunmscapi.dll

Deoptimization events (20 events):
Event: 7.794 Thread 0x000001dcc5d7e720 Uncommon trap: trap_request=0xffffff4d fr.pc=0x000001dcdf19d0f4 relative=0x0000000000000434
Event: 7.794 Thread 0x000001dcc5d7e720 Uncommon trap: reason=unstable_if action=reinterpret pc=0x000001dcdf19d0f4 method=java.lang.AbstractStringBuilder.isLatin1()Z @ 10 c2
Event: 7.794 Thread 0x000001dcc5d7e720 DEOPT PACKING pc=0x000001dcdf19d0f4 sp=0x0000009f428fe0b0
Event: 7.794 Thread 0x000001dcc5d7e720 DEOPT UNPACKING pc=0x000001dcdec98182 sp=0x0000009f428fe008 mode 2
Event: 7.816 Thread 0x000001dcc5d7e720 Uncommon trap: trap_request=0xffffff4d fr.pc=0x000001dcdf1d1468 relative=0x0000000000000248
Event: 7.816 Thread 0x000001dcc5d7e720 Uncommon trap: reason=unstable_if action=reinterpret pc=0x000001dcdf1d1468 method=java.lang.String.<init>([CIILjava/lang/Void;)V @ 5 c2
Event: 7.816 Thread 0x000001dcc5d7e720 DEOPT PACKING pc=0x000001dcdf1d1468 sp=0x0000009f428fd810
Event: 7.816 Thread 0x000001dcc5d7e720 DEOPT UNPACKING pc=0x000001dcdec98182 sp=0x0000009f428fd7b0 mode 2
Event: 7.922 Thread 0x000001dcc5d7e720 Uncommon trap: trap_request=0xffffffc6 fr.pc=0x000001dcdf1b4f84 relative=0x0000000000000324
Event: 7.922 Thread 0x000001dcc5d7e720 Uncommon trap: reason=bimorphic_or_optimized_type_check action=maybe_recompile pc=0x000001dcdf1b4f84 method=java.util.HashMap.getNode(Ljava/lang/Object;)Ljava/util/HashMap$Node; @ 128 c2
Event: 7.922 Thread 0x000001dcc5d7e720 DEOPT PACKING pc=0x000001dcdf1b4f84 sp=0x0000009f428fd730
Event: 7.922 Thread 0x000001dcc5d7e720 DEOPT UNPACKING pc=0x000001dcdec98182 sp=0x0000009f428fd638 mode 2
Event: 7.923 Thread 0x000001dcc5d7e720 Uncommon trap: trap_request=0xffffffc6 fr.pc=0x000001dcdf1b4f84 relative=0x0000000000000324
Event: 7.923 Thread 0x000001dcc5d7e720 Uncommon trap: reason=bimorphic_or_optimized_type_check action=maybe_recompile pc=0x000001dcdf1b4f84 method=java.util.HashMap.getNode(Ljava/lang/Object;)Ljava/util/HashMap$Node; @ 128 c2
Event: 7.923 Thread 0x000001dcc5d7e720 DEOPT PACKING pc=0x000001dcdf1b4f84 sp=0x0000009f428fd730
Event: 7.923 Thread 0x000001dcc5d7e720 DEOPT UNPACKING pc=0x000001dcdec98182 sp=0x0000009f428fd638 mode 2
Event: 7.923 Thread 0x000001dcc5d7e720 Uncommon trap: trap_request=0xffffffc6 fr.pc=0x000001dcdf153a70 relative=0x0000000000000310
Event: 7.923 Thread 0x000001dcc5d7e720 Uncommon trap: reason=bimorphic_or_optimized_type_check action=maybe_recompile pc=0x000001dcdf153a70 method=java.util.HashMap.getNode(Ljava/lang/Object;)Ljava/util/HashMap$Node; @ 128 c2
Event: 7.923 Thread 0x000001dcc5d7e720 DEOPT PACKING pc=0x000001dcdf153a70 sp=0x0000009f428fd6c0
Event: 7.923 Thread 0x000001dcc5d7e720 DEOPT UNPACKING pc=0x000001dcdec98182 sp=0x0000009f428fd638 mode 2

Classes loaded (20 events):
Event: 8.025 Loading class java/security/AuthProvider
Event: 8.025 Loading class java/security/AuthProvider done
Event: 8.027 Loading class javax/security/auth/login/FailedLoginException
Event: 8.028 Loading class javax/security/auth/login/FailedLoginException done
Event: 8.028 Loading class javax/security/auth/callback/CallbackHandler
Event: 8.028 Loading class javax/security/auth/callback/CallbackHandler done
Event: 8.028 Loading class javax/security/auth/Subject
Event: 8.029 Loading class javax/security/auth/Subject done
Event: 8.035 Loading class sun/security/provider/certpath/ldap/JdkLDAP
Event: 8.035 Loading class sun/security/provider/certpath/ldap/JdkLDAP done
Event: 8.036 Loading class sun/security/provider/certpath/ldap/JdkLDAP$ProviderService
Event: 8.036 Loading class sun/security/provider/certpath/ldap/JdkLDAP$ProviderService done
Event: 8.036 Loading class com/sun/security/sasl/Provider
Event: 8.036 Loading class com/sun/security/sasl/Provider done
Event: 8.037 Loading class com/sun/security/sasl/Provider$ProviderService
Event: 8.037 Loading class com/sun/security/sasl/Provider$ProviderService done
Event: 8.376 Loading class javax/naming/ldap/LdapContext
Event: 8.376 Loading class javax/naming/directory/DirContext
Event: 8.376 Loading class javax/naming/directory/DirContext done
Event: 8.376 Loading class javax/naming/ldap/LdapContext done

Classes unloaded (0 events):
No events

Classes redefined (0 events):
No events

Internal exceptions (20 events):
Event: 4.896 Thread 0x000001dcc5b457f0 Exception <a 'java/lang/NoSuchMethodError'{0x000000009089f2b8}: 'java.lang.Object java.lang.invoke.DirectMethodHandle$Holder.newInvokeSpecial(java.lang.Object, int, java.lang.Object)'> (0x000000009089f2b8) 
thrown [s\open\src\hotspot\share\interpreter\linkResolver.cpp, line 805]
Event: 4.899 Thread 0x000001dcc5b457f0 Exception <a 'java/lang/NoSuchMethodError'{0x00000000908a8aa0}: 'int java.lang.invoke.DirectMethodHandle$Holder.invokeSpecialIFC(java.lang.Object, java.lang.Object, java.lang.Object, java.lang.Object)'> (0x00000000908a8aa0) 
thrown [s\open\src\hotspot\share\interpreter\linkResolver.cpp, line 805]
Event: 4.984 Thread 0x000001dcc5b457f0 Exception <a 'java/lang/NoSuchMethodError'{0x000000009078f640}: 'void java.lang.invoke.DirectMethodHandle$Holder.invokeInterface(java.lang.Object, java.lang.Object, java.lang.Object)'> (0x000000009078f640) 
thrown [s\open\src\hotspot\share\interpreter\linkResolver.cpp, line 805]
Event: 5.085 Thread 0x000001dcc5b457f0 Exception <a 'java/lang/NoSuchMethodError'{0x000000009065e8c8}: 'void java.lang.invoke.DirectMethodHandle$Holder.invokeStaticInit(java.lang.Object, java.lang.Object, java.lang.Object)'> (0x000000009065e8c8) 
thrown [s\open\src\hotspot\share\interpreter\linkResolver.cpp, line 805]
Event: 5.123 Thread 0x000001dcc5b457f0 Exception <a 'java/lang/NoSuchMethodError'{0x00000000906b43e0}: 'java.lang.Object java.lang.invoke.DirectMethodHandle$Holder.invokeVirtual(java.lang.Object, java.lang.Object, java.lang.Object)'> (0x00000000906b43e0) 
thrown [s\open\src\hotspot\share\interpreter\linkResolver.cpp, line 805]
Event: 5.225 Thread 0x000001dcc5b457f0 Exception <a 'java/lang/NoSuchMethodError'{0x00000000905904a0}: 'void java.lang.invoke.DirectMethodHandle$Holder.invokeVirtual(java.lang.Object, java.lang.Object, java.lang.Object, java.lang.Object)'> (0x00000000905904a0) 
thrown [s\open\src\hotspot\share\interpreter\linkResolver.cpp, line 805]
Event: 5.551 Thread 0x000001dcc5d7e720 Exception <a 'java/lang/NoClassDefFoundError'{0x000000009015f7a8}: jakarta/validation/Validation> (0x000000009015f7a8) 
thrown [s\open\src\hotspot\share\classfile\systemDictionary.cpp, line 316]
Event: 5.596 Thread 0x000001dcc5b457f0 Exception <a 'java/lang/IncompatibleClassChangeError'{0x000000009003e9f0}: Found class java.lang.Object, but interface was expected> (0x000000009003e9f0) 
thrown [s\open\src\hotspot\share\interpreter\linkResolver.cpp, line 872]
Event: 5.611 Thread 0x000001dcc5b457f0 Exception <a 'java/lang/NoSuchMethodError'{0x00000000900eb520}: 'int java.lang.invoke.DirectMethodHandle$Holder.invokeVirtual(java.lang.Object, java.lang.Object)'> (0x00000000900eb520) 
thrown [s\open\src\hotspot\share\interpreter\linkResolver.cpp, line 805]
Event: 6.133 Thread 0x000001dcc5b457f0 Exception <a 'java/lang/NoSuchMethodError'{0x000000008fab9b88}: 'java.lang.Object java.lang.invoke.DirectMethodHandle$Holder.invokeStatic(java.lang.Object, int, java.lang.Object)'> (0x000000008fab9b88) 
thrown [s\open\src\hotspot\share\interpreter\linkResolver.cpp, line 805]
Event: 6.985 Thread 0x000001dcc5b457f0 Exception <a 'java/lang/NoSuchMethodError'{0x000000008e983238}: 'int java.lang.invoke.DirectMethodHandle$Holder.invokeSpecial(java.lang.Object, java.lang.Object, java.lang.Object, java.lang.Object, java.lang.Object)'> (0x000000008e983238) 
thrown [s\open\src\hotspot\share\interpreter\linkResolver.cpp, line 805]
Event: 7.006 Thread 0x000001dcc5b457f0 Exception <a 'java/lang/NoSuchMethodError'{0x000000008e848520}: 'void java.lang.invoke.DirectMethodHandle$Holder.invokeVirtual(java.lang.Object, java.lang.Object)'> (0x000000008e848520) 
thrown [s\open\src\hotspot\share\interpreter\linkResolver.cpp, line 805]
Event: 7.469 Thread 0x000001dcc5d7e720 Exception <a 'java/lang/NoSuchMethodError'{0x000000008e3fd900}: 'long java.lang.invoke.DirectMethodHandle$Holder.invokeSpecial(java.lang.Object, java.lang.Object)'> (0x000000008e3fd900) 
thrown [s\open\src\hotspot\share\interpreter\linkResolver.cpp, line 805]
Event: 7.475 Thread 0x000001dcc5d7e720 Exception <a 'java/lang/NoSuchMethodError'{0x000000008e21b998}: 'long java.lang.invoke.DirectMethodHandle$Holder.invokeStatic(java.lang.Object, java.lang.Object)'> (0x000000008e21b998) 
thrown [s\open\src\hotspot\share\interpreter\linkResolver.cpp, line 805]
Event: 7.477 Thread 0x000001dcc5d7e720 Exception <a 'java/lang/NoSuchMethodError'{0x000000008e223708}: 'long java.lang.invoke.DirectMethodHandle$Holder.invokeStaticInit(java.lang.Object, java.lang.Object)'> (0x000000008e223708) 
thrown [s\open\src\hotspot\share\interpreter\linkResolver.cpp, line 805]
Event: 7.484 Thread 0x000001dcc5d7e720 Exception <a 'java/lang/NoSuchMethodError'{0x000000008e2491b0}: 'long java.lang.invoke.DirectMethodHandle$Holder.invokeInterface(java.lang.Object, java.lang.Object)'> (0x000000008e2491b0) 
thrown [s\open\src\hotspot\share\interpreter\linkResolver.cpp, line 805]
Event: 7.486 Thread 0x000001dcc5d7e720 Exception <a 'java/lang/IncompatibleClassChangeError'{0x000000008e250e30}: Found class java.lang.Object, but interface was expected> (0x000000008e250e30) 
thrown [s\open\src\hotspot\share\interpreter\linkResolver.cpp, line 872]
Event: 7.496 Thread 0x000001dcc5d7e720 Exception <a 'java/lang/NoSuchMethodError'{0x000000008e26d4d0}: 'java.lang.Object java.lang.invoke.DirectMethodHandle$Holder.invokeVirtual(java.lang.Object, java.lang.Object, java.lang.Object, java.lang.Object)'> (0x000000008e26d4d0) 
thrown [s\open\src\hotspot\share\interpreter\linkResolver.cpp, line 805]
Event: 7.592 Thread 0x000001dcc5d7e720 Exception <a 'java/lang/NoSuchMethodError'{0x000000008e1df510}: 'java.lang.Object java.lang.invoke.DirectMethodHandle$Holder.newInvokeSpecial(java.lang.Object, java.lang.Object, java.lang.Object, int)'> (0x000000008e1df510) 
thrown [s\open\src\hotspot\share\interpreter\linkResolver.cpp, line 805]
Event: 7.595 Thread 0x000001dcc5d7e720 Exception <a 'java/lang/NoSuchMethodError'{0x000000008e1e7ff0}: 'java.lang.Object java.lang.invoke.Invokers$Holder.linkToTargetMethod(java.lang.Object, java.lang.Object, int, java.lang.Object)'> (0x000000008e1e7ff0) 
thrown [s\open\src\hotspot\share\interpreter\linkResolver.cpp, line 805]

VM Operations (20 events):
Event: 5.507 Executing VM operation: HandshakeAllThreads (Deoptimize)
Event: 5.507 Executing VM operation: HandshakeAllThreads (Deoptimize) done
Event: 5.516 Executing VM operation: HandshakeAllThreads (Deoptimize)
Event: 5.516 Executing VM operation: HandshakeAllThreads (Deoptimize) done
Event: 5.517 Executing VM operation: HandshakeAllThreads (Deoptimize)
Event: 5.517 Executing VM operation: HandshakeAllThreads (Deoptimize) done
Event: 6.539 Executing VM operation: HandshakeAllThreads (Deoptimize)
Event: 6.539 Executing VM operation: HandshakeAllThreads (Deoptimize) done
Event: 6.618 Executing VM operation: HandshakeAllThreads (Deoptimize)
Event: 6.618 Executing VM operation: HandshakeAllThreads (Deoptimize) done
Event: 6.842 Executing VM operation: HandshakeAllThreads (Deoptimize)
Event: 6.845 Executing VM operation: HandshakeAllThreads (Deoptimize) done
Event: 7.824 Executing VM operation: HandshakeAllThreads (Deoptimize)
Event: 7.824 Executing VM operation: HandshakeAllThreads (Deoptimize) done
Event: 7.918 Executing VM operation: HandshakeAllThreads (Deoptimize)
Event: 7.918 Executing VM operation: HandshakeAllThreads (Deoptimize) done
Event: 7.929 Executing VM operation: HandshakeAllThreads (Deoptimize)
Event: 7.930 Executing VM operation: HandshakeAllThreads (Deoptimize) done
Event: 7.931 Executing VM operation: HandshakeAllThreads (Deoptimize)
Event: 7.945 Executing VM operation: HandshakeAllThreads (Deoptimize) done

Memory protections (0 events):
No events

Nmethod flushes (0 events):
No events

Events (20 events):
Event: 0.132 Thread 0x000001dcccb49de0 Thread added: 0x000001dcccb49de0
Event: 0.182 Thread 0x000001dcccb49de0 Thread added: 0x000001dceb14ab10
Event: 0.183 Thread 0x000001dcccb49de0 Thread added: 0x000001dceb14c650
Event: 0.183 Thread 0x000001dcccb49de0 Thread added: 0x000001dceb14f1a0
Event: 0.184 Thread 0x000001dcccb49de0 Thread added: 0x000001dceb14fcd0
Event: 0.184 Thread 0x000001dcccb49de0 Thread added: 0x000001dceb150800
Event: 0.184 Thread 0x000001dcccb49de0 Thread added: 0x000001dceb151330
Event: 0.184 Thread 0x000001dcccb49de0 Thread added: 0x000001dceb1541a0
Event: 0.199 Thread 0x000001dcccb49de0 Thread added: 0x000001dceb1574d0
Event: 1.329 Thread 0x000001dcccb49de0 Thread added: 0x000001dcc5183150
Event: 1.477 Thread 0x000001dceb1541a0 Thread added: 0x000001dcc51fea80
Event: 1.769 Thread 0x000001dcccb49de0 Thread added: 0x000001dcc52d0bb0
Event: 1.769 Thread 0x000001dcccb49de0 Thread added: 0x000001dcc52d12f0
Event: 2.126 Thread 0x000001dcc51fea80 Thread exited: 0x000001dcc51fea80
Event: 3.591 Thread 0x000001dcccb49de0 Thread added: 0x000001dcc5b412e0
Event: 3.606 Thread 0x000001dcc5b412e0 Thread added: 0x000001dcc5b457f0
Event: 5.541 Thread 0x000001dcc5b457f0 Thread added: 0x000001dcc5d7e720
Event: 7.930 Thread 0x000001dceb1574d0 Thread added: 0x000001dcc590ad30
Event: 8.044 Thread 0x000001dcc5d7e720 Thread exited: 0x000001dcc5d7e720
Event: 8.061 Thread 0x000001dcc5b457f0 Thread added: 0x000001dcc586c120


Dynamic libraries:
0x00007ff77b680000 - 0x00007ff77b68e000 	C:\Users\magou\.jdks\openjdk-24.0.1\bin\java.exe
0x00007fffbe3b0000 - 0x00007fffbe5a8000 	C:\WINDOWS\SYSTEM32\ntdll.dll
0x00007fffbc480000 - 0x00007fffbc542000 	C:\WINDOWS\System32\KERNEL32.DLL
0x00007fffbbb70000 - 0x00007fffbbe67000 	C:\WINDOWS\System32\KERNELBASE.dll
0x00007fffbbfc0000 - 0x00007fffbc0c0000 	C:\WINDOWS\System32\ucrtbase.dll
0x00007fff9dc10000 - 0x00007fff9dc26000 	C:\Users\magou\.jdks\openjdk-24.0.1\bin\jli.dll
0x00007fff9d2f0000 - 0x00007fff9d30b000 	C:\Users\magou\.jdks\openjdk-24.0.1\bin\VCRUNTIME140.dll
0x00007fffbd770000 - 0x00007fffbd90d000 	C:\WINDOWS\System32\USER32.dll
0x00007fffbc0c0000 - 0x00007fffbc0e2000 	C:\WINDOWS\System32\win32u.dll
0x00007fffbd740000 - 0x00007fffbd76b000 	C:\WINDOWS\System32\GDI32.dll
0x00007fffbbe70000 - 0x00007fffbbf89000 	C:\WINDOWS\System32\gdi32full.dll
0x00007fffbc330000 - 0x00007fffbc3cd000 	C:\WINDOWS\System32\msvcp_win.dll
0x00007fffa8f40000 - 0x00007fffa91da000 	C:\WINDOWS\WinSxS\amd64_microsoft.windows.common-controls_6595b64144ccf1df_6.0.19041.5915_none_60b4b9d171f9c7c7\COMCTL32.dll
0x00007fffbe080000 - 0x00007fffbe11e000 	C:\WINDOWS\System32\msvcrt.dll
0x00007fffbd570000 - 0x00007fffbd59f000 	C:\WINDOWS\System32\IMM32.DLL
0x00007fffa5ff0000 - 0x00007fffa5ffc000 	C:\Users\magou\.jdks\openjdk-24.0.1\bin\vcruntime140_1.dll
0x00007fff9ce40000 - 0x00007fff9cece000 	C:\Users\magou\.jdks\openjdk-24.0.1\bin\msvcp140.dll
0x00007fff6bc70000 - 0x00007fff6ca12000 	C:\Users\magou\.jdks\openjdk-24.0.1\bin\server\jvm.dll
0x00007fffbdfc0000 - 0x00007fffbe071000 	C:\WINDOWS\System32\ADVAPI32.dll
0x00007fffbe120000 - 0x00007fffbe1bf000 	C:\WINDOWS\System32\sechost.dll
0x00007fffbce50000 - 0x00007fffbcf76000 	C:\WINDOWS\System32\RPCRT4.dll
0x00007fffbbf90000 - 0x00007fffbbfb7000 	C:\WINDOWS\System32\bcrypt.dll
0x00007fffbdee0000 - 0x00007fffbdf4b000 	C:\WINDOWS\System32\WS2_32.dll
0x00007fffbb8a0000 - 0x00007fffbb8eb000 	C:\WINDOWS\SYSTEM32\POWRPROF.dll
0x00007fffb0780000 - 0x00007fffb07a7000 	C:\WINDOWS\SYSTEM32\WINMM.dll
0x00007fffb2690000 - 0x00007fffb269a000 	C:\WINDOWS\SYSTEM32\VERSION.dll
0x00007fffbb880000 - 0x00007fffbb892000 	C:\WINDOWS\SYSTEM32\UMPDC.dll
0x00007fffb97e0000 - 0x00007fffb97f2000 	C:\WINDOWS\SYSTEM32\kernel.appcore.dll
0x00007fffa4b80000 - 0x00007fffa4b8a000 	C:\Users\magou\.jdks\openjdk-24.0.1\bin\jimage.dll
0x00007fffb2480000 - 0x00007fffb2681000 	C:\WINDOWS\SYSTEM32\DBGHELP.DLL
0x00007fff9b490000 - 0x00007fff9b4c4000 	C:\WINDOWS\SYSTEM32\dbgcore.DLL
0x00007fffbc0f0000 - 0x00007fffbc172000 	C:\WINDOWS\System32\bcryptPrimitives.dll
0x00007fffa4b40000 - 0x00007fffa4b4f000 	C:\Users\magou\.jdks\openjdk-24.0.1\bin\instrument.dll
0x00007fff9d210000 - 0x00007fff9d22e000 	C:\Users\magou\.jdks\openjdk-24.0.1\bin\java.dll
0x00007fffbd440000 - 0x00007fffbd56b000 	C:\WINDOWS\System32\ole32.dll
0x00007fffbcf90000 - 0x00007fffbd2e3000 	C:\WINDOWS\System32\combase.dll
0x00007fffbc550000 - 0x00007fffbccbe000 	C:\WINDOWS\System32\SHELL32.dll
0x00007fffb9ac0000 - 0x00007fffba264000 	C:\WINDOWS\SYSTEM32\windows.storage.dll
0x00007fffbb3a0000 - 0x00007fffbb3cb000 	C:\WINDOWS\SYSTEM32\Wldp.dll
0x00007fffbccc0000 - 0x00007fffbcd8d000 	C:\WINDOWS\System32\OLEAUT32.dll
0x00007fffbd9a0000 - 0x00007fffbda4d000 	C:\WINDOWS\System32\SHCORE.dll
0x00007fffbd3e0000 - 0x00007fffbd43b000 	C:\WINDOWS\System32\shlwapi.dll
0x00007fffbb970000 - 0x00007fffbb994000 	C:\WINDOWS\SYSTEM32\profapi.dll
0x00007fff72090000 - 0x00007fff72167000 	C:\Users\magou\.jdks\openjdk-24.0.1\bin\jsvml.dll
0x00007fff9d050000 - 0x00007fff9d067000 	C:\Users\magou\.jdks\openjdk-24.0.1\bin\zip.dll
0x00007fffa46d0000 - 0x00007fffa46e0000 	C:\Users\magou\.jdks\openjdk-24.0.1\bin\net.dll
0x00007fffbb100000 - 0x00007fffbb16a000 	C:\WINDOWS\system32\mswsock.dll
0x00007fff9d030000 - 0x00007fff9d046000 	C:\Users\magou\.jdks\openjdk-24.0.1\bin\nio.dll
0x00007fffa27e0000 - 0x00007fffa27e9000 	C:\Users\magou\.jdks\openjdk-24.0.1\bin\extnet.dll
0x00007fffa01f0000 - 0x00007fffa01fa000 	C:\Users\magou\.jdks\openjdk-24.0.1\bin\management.dll
0x00007fffa0120000 - 0x00007fffa012b000 	C:\Users\magou\.jdks\openjdk-24.0.1\bin\management_ext.dll
0x00007fffbdfb0000 - 0x00007fffbdfb8000 	C:\WINDOWS\System32\PSAPI.DLL
0x00007fffb8090000 - 0x00007fffb809e000 	C:\Users\magou\.jdks\openjdk-24.0.1\bin\sunmscapi.dll
0x00007fffbc1d0000 - 0x00007fffbc32d000 	C:\WINDOWS\System32\CRYPT32.dll
0x00007fffbb410000 - 0x00007fffbb437000 	C:\WINDOWS\SYSTEM32\ncrypt.dll
0x00007fffbb3d0000 - 0x00007fffbb40b000 	C:\WINDOWS\SYSTEM32\NTASN1.dll

JVMTI agents:
D:\Program Files\IntelliJ IDEA Community Edition 2025.1.3\lib\idea_rt.jar path:C:\Users\magou\.jdks\openjdk-24.0.1\bin\instrument.dll, loaded, initialized, instrumentlib options:53714

dbghelp: loaded successfully - version: 4.0.5 - missing functions: none
symbol engine: initialized successfully - sym options: 0x614 - pdb path: .;C:\Users\magou\.jdks\openjdk-24.0.1\bin;C:\WINDOWS\SYSTEM32;C:\WINDOWS\WinSxS\amd64_microsoft.windows.common-controls_6595b64144ccf1df_6.0.19041.5915_none_60b4b9d171f9c7c7;C:\Users\magou\.jdks\openjdk-24.0.1\bin\server

VM Arguments:
jvm_args: -javaagent:D:\Program Files\IntelliJ IDEA Community Edition 2025.1.3\lib\idea_rt.jar=53714 -Dfile.encoding=UTF-8 -Dsun.stdout.encoding=UTF-8 -Dsun.stderr.encoding=UTF-8 
java_command: com.example.eliteFootballAcademy.EliteFootballAcademyApplication
java_class_path (initial): D:\Downloads\eliteFootballAcademy\eliteFootballAcademy\target\classes;C:\Users\magou\.m2\repository\org\springframework\boot\spring-boot-starter-data-jpa\3.5.4\spring-boot-starter-data-jpa-3.5.4.jar;C:\Users\magou\.m2\repository\org\springframework\boot\spring-boot-starter\3.5.4\spring-boot-starter-3.5.4.jar;C:\Users\magou\.m2\repository\org\springframework\boot\spring-boot-starter-logging\3.5.4\spring-boot-starter-logging-3.5.4.jar;C:\Users\magou\.m2\repository\ch\qos\logback\logback-classic\1.5.18\logback-classic-1.5.18.jar;C:\Users\magou\.m2\repository\ch\qos\logback\logback-core\1.5.18\logback-core-1.5.18.jar;C:\Users\magou\.m2\repository\org\apache\logging\log4j\log4j-to-slf4j\2.24.3\log4j-to-slf4j-2.24.3.jar;C:\Users\magou\.m2\repository\org\apache\logging\log4j\log4j-api\2.24.3\log4j-api-2.24.3.jar;C:\Users\magou\.m2\repository\org\slf4j\jul-to-slf4j\2.0.17\jul-to-slf4j-2.0.17.jar;C:\Users\magou\.m2\repository\jakarta\annotation\jakarta.annotation-api\2.1.1\jakarta.annotation-api-2.1.1.jar;C:\Users\magou\.m2\repository\org\yaml\snakeyaml\2.4\snakeyaml-2.4.jar;C:\Users\magou\.m2\repository\org\hibernate\orm\hibernate-core\6.6.22.Final\hibernate-core-6.6.22.Final.jar;C:\Users\magou\.m2\repository\jakarta\persistence\jakarta.persistence-api\3.1.0\jakarta.persistence-api-3.1.0.jar;C:\Users\magou\.m2\repository\jakarta\transaction\jakarta.transaction-api\2.0.1\jakarta.transaction-api-2.0.1.jar;C:\Users\magou\.m2\repository\org\jboss\logging\jboss-logging\3.6.1.Final\jboss-logging-3.6.1.Final.jar;C:\Users\magou\.m2\repository\org\hibernate\common\hibernate-commons-annotations\7.0.3.Final\hibernate-commons-annotations-7.0.3.Final.jar;C:\Users\magou\.m2\repository\io\smallrye\jandex\3.2.0\jandex-3.2.0.jar;C:\Users\magou\.m2\repository\com\fasterxml\classmate\1.7.0\classmate-1.7.0.jar;C:\Users\magou\.m2\repository\net\bytebuddy\byte-buddy\1.17.6\byte-buddy-1.17.6.jar;C:\Users\magou\.m2\repository\org\glassfish\jaxb\jaxb-runtime\4.0.5\jaxb-runtime-4.0.5.jar;C:\Users\magou\.m2\repository\org\glassfish\jaxb\jaxb-core\4.0.5\jaxb-core-4.0.5.jar;C:\Users\magou\.m2\repository\org\eclipse\angus\angus-activation\2.0.2\angus-activation-2.0.2.jar;C:\Users\magou\.m2\repository\org\glassfish\jaxb\txw2\4.0.5\txw2-4.0.5.jar;C:\Users\magou\.m2\repository\com\sun\istack\istack-commons-runtime\4.1.2\istack-commons-runtime-4.1.2.jar;C:\Users\magou\.m2\repository\jakarta\inject\jakarta.inject-api\2.0.1\jakarta.inject-api-2.0.1.jar;C:\Users\magou\.m2\repository\org\antlr\antlr4-runtime\4.13.0\antlr4-runtime-4.13.0.jar;C:\Users\magou\.m2\repository\org\springframework\data\spring-data-jpa\3.5.2\spring-data-jpa-3.5.2.jar;C:\Users\magou\.m2\repository\org\springframework\data\spring-data-commons\3.5.2\spring-data-commons-3.5.2.jar;C:\Users\magou\.m2\repository\org\springframework\spring-orm\6.2.9\spring-orm-6.2.9.jar;C:\Users\magou\.m2\repository\org\springframework\spring-context\6.2.9\spring-context-6.2.9.jar;C:\Users\magou\.m2\repository\org\springframework\spring-aop\6.2.9\spring-aop-6.2.9.jar;C:\Users\magou\.m2\repository\org\springframework\spring-tx\6.2.9\spring-tx-6.2.9.jar;C:\Users\magou\.m2\repository\org\springframework\spring-beans\6.2.9\spring-beans-6.2.9.jar;C:\Users\magou\.m2\repository\org\slf4j\slf4j-api\2.0.17\slf4j-api-2.0.17.jar;C:\Users\magou\.m2\repository\org\springframework\spring-aspects\6.2.9\spring-aspects-6.2.9.jar;C:\Users\magou\.m2\repository\org\aspectj\aspectjweaver\1.9.24\aspectjweaver-1.9.24.jar;C:\Users\magou\.m2\repository\org\springframework\boot\spring-boot-starter-jdbc\3.5.4\spring-boot-starter-jdbc-3.5.4.jar;C:\Users\magou\.m2\repository\com\zaxxer\HikariCP\6.3.1\HikariCP-6.3.1.jar;C:\Users\magou\.m2\repository\org\springframework\spring-jdbc\6.2.9\spring-jdbc-6.2.9.jar;C:\Users\magou\.m2\repository\org\springframework\boot\spring-boot-starter-web\3.5.4\spring-boot-starter-web-3.5.4.jar;C:\Users\magou\.m2\repository\org\springframework\boot\spring-boot-starter-json\3.5.4\spring-boot-starter-json-3.5.4.jar;C:\Users\magou\.m2\repository\com\fasterxml\jackson\core\jackson-databind\2.19.2\jackson-databind-2.19.2.jar;C:\Users\magou\.m2\repository\com\fasterxml\jackson\core\jackson-annotations\2.19.2\jackson-annotations-2.19.2.jar;C:\Users\magou\.m2\repository\com\fasterxml\jackson\core\jackson-core\2.19.2\jackson-core-2.19.2.jar;C:\Users\magou\.m2\repository\com\fasterxml\jackson\datatype\jackson-datatype-jdk8\2.19.2\jackson-datatype-jdk8-2.19.2.jar;C:\Users\magou\.m2\repository\com\fasterxml\jackson\datatype\jackson-datatype-jsr310\2.19.2\jackson-datatype-jsr310-2.19.2.jar;C:\Users\magou\.m2\repository\com\fasterxml\jackson\module\jackson-module-parameter-names\2.19.2\jackson-module-parameter-names-2.19.2.jar;C:\Users\magou\.m2\repository\org\springframework\boot\spring-boot-starter-tomcat\3.5.4\spring-boot-starter-tomcat-3.5.4.jar;C:\Users\magou\.m2\repository\org\apache\tomcat\embed\tomcat-embed-core\10.1.43\tomcat-embed-core-10.1.43.jar;C:\Users\magou\.m2\repository\org\apache\tomcat\embed\tomcat-embed-el\10.1.43\tomcat-embed-el-10.1.43.jar;C:\Users\magou\.m2\repository\org\apache\tomcat\embed\tomcat-embed-websocket\10.1.43\tomcat-embed-websocket-10.1.43.jar;C:\Users\magou\.m2\repository\org\springframework\spring-web\6.2.9\spring-web-6.2.9.jar;C:\Users\magou\.m2\repository\io\micrometer\micrometer-observation\1.15.2\micrometer-observation-1.15.2.jar;C:\Users\magou\.m2\repository\io\micrometer\micrometer-commons\1.15.2\micrometer-commons-1.15.2.jar;C:\Users\magou\.m2\repository\org\springframework\spring-webmvc\6.2.9\spring-webmvc-6.2.9.jar;C:\Users\magou\.m2\repository\org\springframework\spring-expression\6.2.9\spring-expression-6.2.9.jar;C:\Users\magou\.m2\repository\org\springframework\boot\spring-boot-devtools\3.5.4\spring-boot-devtools-3.5.4.jar;C:\Users\magou\.m2\repository\org\springframework\boot\spring-boot\3.5.4\spring-boot-3.5.4.jar;C:\Users\magou\.m2\repository\org\springframework\boot\spring-boot-autoconfigure\3.5.4\spring-boot-autoconfigure-3.5.4.jar;C:\Users\magou\.m2\repository\org\postgresql\postgresql\42.7.7\postgresql-42.7.7.jar;C:\Users\magou\.m2\repository\org\checkerframework\checker-qual\3.49.3\checker-qual-3.49.3.jar;C:\Users\magou\.m2\repository\org\projectlombok\lombok\1.18.38\lombok-1.18.38.jar;C:\Users\magou\.m2\repository\jakarta\xml\bind\jakarta.xml.bind-api\4.0.2\jakarta.xml.bind-api-4.0.2.jar;C:\Users\magou\.m2\repository\jakarta\activation\jakarta.activation-api\2.1.3\jakarta.activation-api-2.1.3.jar;C:\Users\magou\.m2\repository\org\springframework\spring-core\6.2.9\spring-core-6.2.9.jar;C:\Users\magou\.m2\repository\org\springframework\spring-jcl\6.2.9\spring-jcl-6.2.9.jar
Launcher Type: SUN_STANDARD

[Global flags]
     intx CICompilerCount                          = 3                                         {product} {ergonomic}
     uint ConcGCThreads                            = 1                                         {product} {ergonomic}
     uint G1ConcRefinementThreads                  = 4                                         {product} {ergonomic}
   size_t G1HeapRegionSize                         = 1048576                                   {product} {ergonomic}
   size_t InitialHeapSize                          = 125829120                                 {product} {ergonomic}
   size_t MarkStackSize                            = 4194304                                   {product} {ergonomic}
   size_t MarkStackSizeMax                         = 536870912                                 {product} {ergonomic}
   size_t MaxHeapSize                              = 1992294400                                {product} {ergonomic}
   size_t MaxNewSize                               = 1195376640                                {product} {ergonomic}
   size_t MinHeapDeltaBytes                        = 1048576                                   {product} {ergonomic}
   size_t MinHeapSize                              = 8388608                                   {product} {ergonomic}
    uintx NonNMethodCodeHeapSize                   = 5832704                                {pd product} {ergonomic}
    uintx NonProfiledCodeHeapSize                  = 122945536                              {pd product} {ergonomic}
    uintx ProfiledCodeHeapSize                     = 122880000                              {pd product} {ergonomic}
    uintx ReservedCodeCacheSize                    = 251658240                              {pd product} {ergonomic}
     bool SegmentedCodeCache                       = true                                      {product} {ergonomic}
   size_t SoftMaxHeapSize                          = 1992294400                             {manageable} {ergonomic}
     bool UseCompressedOops                        = true                           {product lp64_product} {ergonomic}
     bool UseG1GC                                  = true                                      {product} {ergonomic}
     bool UseLargePagesIndividualAllocation        = false                                  {pd product} {ergonomic}

Logging:
Log output configuration:
 #0: stdout all=warning uptime,level,tags foldmultilines=false
 #1: stderr all=off uptime,level,tags foldmultilines=false

Environment Variables:
JAVA_HOME=D:\Downloads\jdk-24_windows-x64_bin\jdk-24.0.2
PATH=C:\Python313\Scripts\;C:\Python313\;C:\WINDOWS\system32;C:\WINDOWS;C:\WINDOWS\System32\Wbem;C:\WINDOWS\System32\WindowsPowerShell\v1.0\;C:\WINDOWS\System32\OpenSSH\;C:\Program Files\Microsoft SQL Server\Client SDK\ODBC\170\Tools\Binn\;C:\Program Files (x86)\Microsoft SQL Server\160\Tools\Binn\;C:\Program Files\Microsoft SQL Server\160\Tools\Binn\;C:\Program Files\Microsoft SQL Server\160\DTS\Binn\;C:\Program Files (x86)\Microsoft SQL Server\160\DTS\Binn\;C:\Program Files\dotnet\;C:\Program Files\nodejs\;C:\ProgramData\chocolatey\bin;D:\Git\cmd;D:\Downloads\jdk-24_windows-x64_bin\jdk-24.0.2\bin;C:\Program Files\Git\cmd;C:\Users\magou\AppData\Local\Programs\Microsoft VS Code\bin
USERNAME=magou
OS=Windows_NT
PROCESSOR_IDENTIFIER=AMD64 Family 21 Model 96 Stepping 1, AuthenticAMD
TMP=C:\Users\magou\AppData\Local\Temp
TEMP=C:\Users\magou\AppData\Local\Temp




Periodic native trim disabled

---------------  S Y S T E M  ---------------

OS:
 Windows 10 , 64 bit Build 19041 (10.0.19041.5915)
OS uptime: 0 days 9:08 hours

CPU: total 4 (initial active 4) (4 cores per cpu, 1 threads per core) family 21 model 96 stepping 1 microcode 0x0, cx8, cmov, fxsr, mmx, 3dnowpref, sse, sse2, sse3, ssse3, sse4a, sse4.1, sse4.2, popcnt, lzcnt, tsc, tscinvbit, avx, avx2, aes, clmul, bmi1, bmi2, fma, vzeroupper, clflush, rdtscp, f16c
Processor Information for the first 4 processors :
  Max Mhz: 1800, Current Mhz: 1800, Mhz Limit: 1800

Memory: 4k page, system-wide physical 7594M (633M free)
TotalPageFile size 10265M (AvailPageFile size 22M)
current process WorkingSet (physical memory assigned to process): 163M, peak: 163M
current process commit charge ("private bytes"): 254M, peak: 254M

vm_info: OpenJDK 64-Bit Server VM (24.0.1+9-30) for windows-amd64 JRE (24.0.1+9-30), built on 2025-03-05T07:23:45Z with MS VC++ 17.6 (VS2022)

END.
